Using pre-set license
Built from '2021.3/release' branch; Version is '2021.3.17f1 (3e8111cac19d) revision 4096273'; Using compiler version '192829333'; Build Type 'Release'
OS: 'Windows 10  (10.0.19044) 64bit CoreCountrySpecific' Language: 'zh' Physical Memory: 16291 MB
BatchMode: 1, IsHumanControllingUs: 0, StartBugReporterOnCrash: 0, Is64bit: 1, IsPro: 1

COMMAND LINE ARGUMENTS:
D:\2021.3.17f1\Editor\Unity.exe
-adb2
-batchMode
-noUpm
-name
AssetImportWorker0
-projectPath
C:/Users/xth94/Documents/GitHub/TrainQuest/TrainQuest_Final
-logFile
Logs/AssetImportWorker0.log
-srvPort
58802
Successfully changed project path to: C:/Users/xth94/Documents/GitHub/TrainQuest/TrainQuest_Final
C:/Users/xth94/Documents/GitHub/TrainQuest/TrainQuest_Final
[UnityMemory] Configuration Parameters - Can be set up in boot.config
    "memorysetup-bucket-allocator-granularity=16"
    "memorysetup-bucket-allocator-bucket-count=8"
    "memorysetup-bucket-allocator-block-size=33554432"
    "memorysetup-bucket-allocator-block-count=8"
    "memorysetup-main-allocator-block-size=16777216"
    "memorysetup-thread-allocator-block-size=16777216"
    "memorysetup-gfx-main-allocator-block-size=16777216"
    "memorysetup-gfx-thread-allocator-block-size=16777216"
    "memorysetup-cache-allocator-block-size=4194304"
    "memorysetup-typetree-allocator-block-size=2097152"
    "memorysetup-profiler-bucket-allocator-granularity=16"
    "memorysetup-profiler-bucket-allocator-bucket-count=8"
    "memorysetup-profiler-bucket-allocator-block-size=33554432"
    "memorysetup-profiler-bucket-allocator-block-count=8"
    "memorysetup-profiler-allocator-block-size=16777216"
    "memorysetup-profiler-editor-allocator-block-size=1048576"
    "memorysetup-temp-allocator-size-main=16777216"
    "memorysetup-job-temp-allocator-block-size=2097152"
    "memorysetup-job-temp-allocator-block-size-background=1048576"
    "memorysetup-job-temp-allocator-reduction-small-platforms=262144"
    "memorysetup-temp-allocator-size-background-worker=32768"
    "memorysetup-temp-allocator-size-job-worker=262144"
    "memorysetup-temp-allocator-size-preload-manager=33554432"
    "memorysetup-temp-allocator-size-nav-mesh-worker=65536"
    "memorysetup-temp-allocator-size-audio-worker=65536"
    "memorysetup-temp-allocator-size-cloud-worker=32768"
    "memorysetup-temp-allocator-size-gi-baking-worker=262144"
    "memorysetup-temp-allocator-size-gfx=262144"
Player connection [38684] Host "[IP] 10.17.71.143 [Port] 0 [Flags] 2 [Guid] 1316159725 [EditorId] 1316159725 [Version] 1048832 [Id] WindowsEditor(7,LAPTOP-N71CC2AQ) [Debug] 1 [PackageName] WindowsEditor [ProjectName] Editor" joined multi-casting on [225.0.0.222:54997]...

Player connection [38684] Host "[IP] 10.17.71.143 [Port] 0 [Flags] 2 [Guid] 1316159725 [EditorId] 1316159725 [Version] 1048832 [Id] WindowsEditor(7,LAPTOP-N71CC2AQ) [Debug] 1 [PackageName] WindowsEditor [ProjectName] Editor" joined alternative multi-casting on [225.0.0.222:34997]...

Refreshing native plugins compatible for Editor in 116.39 ms, found 6 plugins.
Preloading 2 native plugins for Editor in 3.21 ms.
Initialize engine version: 2021.3.17f1 (3e8111cac19d)
[Subsystems] Discovering subsystems at path D:/2021.3.17f1/Editor/Data/Resources/UnitySubsystems
[Subsystems] Discovering subsystems at path C:/Users/xth94/Documents/GitHub/TrainQuest/TrainQuest_Final/Assets
GfxDevice: creating device client; threaded=0; jobified=0
Direct3D:
    Version:  Direct3D 11.0 [level 11.1]
    Renderer: NVIDIA GeForce GTX 1650 (ID=0x1f99)
    Vendor:   NVIDIA
    VRAM:     3962 MB
    Driver:   31.0.15.1700
Initialize mono
Mono path[0] = 'D:/2021.3.17f1/Editor/Data/Managed'
Mono path[1] = 'D:/2021.3.17f1/Editor/Data/MonoBleedingEdge/lib/mono/unityjit-win32'
Mono config path = 'D:/2021.3.17f1/Editor/Data/MonoBleedingEdge/etc'
Using monoOptions --debugger-agent=transport=dt_socket,embedding=1,server=y,suspend=n,address=127.0.0.1:56864
Begin MonoManager ReloadAssembly
Registering precompiled unity dll's ...
Register platform support module: D:/2021.3.17f1/Editor/Data/PlaybackEngines/WebGLSupport/UnityEditor.WebGL.Extensions.dll
Register platform support module: D:/2021.3.17f1/Editor/Data/PlaybackEngines/AndroidPlayer/UnityEditor.Android.Extensions.dll
Register platform support module: D:/2021.3.17f1/Editor/Data/PlaybackEngines/WindowsStandaloneSupport/UnityEditor.WindowsStandalone.Extensions.dll
Registered in 0.006428 seconds.
Native extension for WindowsStandalone target not found
Native extension for Android target not found
Android Extension - Scanning For ADB Devices 279 ms
Native extension for WebGL target not found
Refreshing native plugins compatible for Editor in 109.56 ms, found 6 plugins.
Preloading 2 native plugins for Editor in 0.24 ms.
Mono: successfully reloaded assembly
- Completed reload, in  1.098 seconds
Domain Reload Profiling:
	ReloadAssembly (1099ms)
		BeginReloadAssembly (91ms)
			ExecutionOrderSort (0ms)
			DisableScriptedObjects (0ms)
			BackupInstance (0ms)
			ReleaseScriptingObjects (0ms)
			CreateAndSetChildDomain (1ms)
		EndReloadAssembly (883ms)
			LoadAssemblies (91ms)
			RebuildTransferFunctionScriptingTraits (0ms)
			SetupTypeCache (138ms)
			ReleaseScriptCaches (0ms)
			RebuildScriptCaches (33ms)
			SetupLoadedEditorAssemblies (651ms)
				LogAssemblyErrors (0ms)
				InitializePlatformSupportModulesInManaged (372ms)
				SetLoadedEditorAssemblies (0ms)
				RefreshPlugins (110ms)
				BeforeProcessingInitializeOnLoad (2ms)
				ProcessInitializeOnLoadAttributes (107ms)
				ProcessInitializeOnLoadMethodAttributes (59ms)
				AfterProcessingInitializeOnLoad (0ms)
				EditorAssembliesLoaded (0ms)
			ExecutionOrderSort2 (0ms)
			AwakeInstancesAfterBackupRestoration (0ms)
Platform modules already initialized, skipping
Registering precompiled user dll's ...
Registered in 0.020062 seconds.
Begin MonoManager ReloadAssembly
Symbol file LoadedFromMemory doesn't match image C:\Users\xth94\Documents\GitHub\TrainQuest\TrainQuest_Final\Library\PackageCache\com.unity.visualscripting@1.8.0\Editor\VisualScripting.Core\Dependencies\YamlDotNet\Unity.VisualScripting.YamlDotNet.dll
Symbol file LoadedFromMemory doesn't match image C:\Users\xth94\Documents\GitHub\TrainQuest\TrainQuest_Final\Library\PackageCache\com.unity.visualscripting@1.8.0\Editor\VisualScripting.Core\Dependencies\DotNetZip\Unity.VisualScripting.IonicZip.dll
Native extension for WindowsStandalone target not found
Native extension for Android target not found
Native extension for WebGL target not found
Refreshing native plugins compatible for Editor in 0.80 ms, found 6 plugins.
Preloading 2 native plugins for Editor in 0.33 ms.
Mono: successfully reloaded assembly
- Completed reload, in  1.277 seconds
Domain Reload Profiling:
	ReloadAssembly (1278ms)
		BeginReloadAssembly (113ms)
			ExecutionOrderSort (0ms)
			DisableScriptedObjects (8ms)
			BackupInstance (0ms)
			ReleaseScriptingObjects (0ms)
			CreateAndSetChildDomain (18ms)
		EndReloadAssembly (1023ms)
			LoadAssemblies (103ms)
			RebuildTransferFunctionScriptingTraits (0ms)
			SetupTypeCache (336ms)
			ReleaseScriptCaches (1ms)
			RebuildScriptCaches (62ms)
			SetupLoadedEditorAssemblies (436ms)
				LogAssemblyErrors (0ms)
				InitializePlatformSupportModulesInManaged (23ms)
				SetLoadedEditorAssemblies (0ms)
				RefreshPlugins (1ms)
				BeforeProcessingInitializeOnLoad (114ms)
				ProcessInitializeOnLoadAttributes (259ms)
				ProcessInitializeOnLoadMethodAttributes (34ms)
				AfterProcessingInitializeOnLoad (4ms)
				EditorAssembliesLoaded (0ms)
			ExecutionOrderSort2 (0ms)
			AwakeInstancesAfterBackupRestoration (12ms)
Platform modules already initialized, skipping
========================================================================
Worker process is ready to serve import requests
Launched and connected shader compiler UnityShaderCompiler.exe after 0.04 seconds
Refreshing native plugins compatible for Editor in 0.66 ms, found 6 plugins.
Preloading 2 native plugins for Editor in 0.18 ms.
Unloading 3483 Unused Serialized files (Serialized files now loaded: 0)
Unloading 50 unused Assets / (124.3 KB). Loaded Objects now: 4238.
Memory consumption went from 131.3 MB to 131.2 MB.
Total: 2.995000 ms (FindLiveObjects: 0.296600 ms CreateObjectMapping: 0.244300 ms MarkObjects: 2.346300 ms  DeleteObjects: 0.106900 ms)

AssetImportParameters requested are different than current active one (requested -> active):
  custom:video-decoder-ogg-theora: a1e56fd34408186e4bbccfd4996cb3dc -> 
  custom:container-muxer-webm: aa71ff27fc2769a1b78a27578f13a17b -> 
  custom:container-demuxer-webm: 4f35f7cbe854078d1ac9338744f61a02 -> 
  custom:video-encoder-webm-vp8: eb34c28f22e8b96e1ab97ce403110664 -> 
  custom:video-codec-MediaFoundation-h265: 746d11721c4dcdbdad8f713fa42b33f4 -> 
  custom:audio-encoder-webm-vorbis: bf7c407c2cedff20999df2af8eb42d56 -> 
  custom:framework-win-MediaFoundation: 216162199b28c13a410421893ffa2e32 -> 
  custom:container-demuxer-ogg: 62fdf1f143b41e24485cea50d1cbac27 -> 
  custom:video-decoder-webm-vp8: 9c59270c3fd7afecdb556c50c9e8de78 -> 
  custom:audio-decoder-ogg-vorbis: bf7c407c2cedff20999df2af8eb42d56 -> 
========================================================================
Received Import Request.
  Time since last request: 2448041.103204 seconds.
  path: Assets/Spray/Spray.prefab
  artifactKey: Guid(be894b56242e0dc48824867008615d20) Importer(815301076,1909f56bfc062723c751e8b465ee728b)
Start importing Assets/Spray/Spray.prefab using Guid(be894b56242e0dc48824867008615d20) Importer(815301076,1909f56bfc062723c751e8b465ee728b)  -> (artifact id: '9c36453d18b32ab2ff2b4b03a4cf2f48') in 0.407464 seconds 
========================================================================
Received Import Request.
  Time since last request: 36.273360 seconds.
  path: Assets/TrainQuest_Final.unity
  artifactKey: Guid(16736f661f2658e41b7acaca478006a8) Importer(815301076,1909f56bfc062723c751e8b465ee728b)
Start importing Assets/TrainQuest_Final.unity using Guid(16736f661f2658e41b7acaca478006a8) Importer(815301076,1909f56bfc062723c751e8b465ee728b)  -> (artifact id: 'c4fd71b5ab8b6e36c1c1877038cc3d03') in 0.001926 seconds 
========================================================================
Received Import Request.
  Time since last request: 8.162559 seconds.
  path: Assets/Scenes/ChooseYourRole.png
  artifactKey: Guid(48af88ba34933492e85e4cc34d772b37) Importer(815301076,1909f56bfc062723c751e8b465ee728b)
Start importing Assets/Scenes/ChooseYourRole.png using Guid(48af88ba34933492e85e4cc34d772b37) Importer(815301076,1909f56bfc062723c751e8b465ee728b)  -> (artifact id: 'd7ba26f6deadc223f92c0dc3483be372') in 0.177668 seconds 
========================================================================
Received Import Request.
  Time since last request: 0.000023 seconds.
  path: Assets/Scenes/Round4.png
  artifactKey: Guid(b7b187dc651aa41fcbfdd21a21b4cbe8) Importer(815301076,1909f56bfc062723c751e8b465ee728b)
Start importing Assets/Scenes/Round4.png using Guid(b7b187dc651aa41fcbfdd21a21b4cbe8) Importer(815301076,1909f56bfc062723c751e8b465ee728b)  -> (artifact id: 'e0412d972264186d25166b2d9fb94b00') in 0.075978 seconds 
========================================================================
Received Import Request.
  Time since last request: 0.000034 seconds.
  path: Assets/Scenes/Round3.png
  artifactKey: Guid(414a31a3a250b460bae14964f545dfd0) Importer(815301076,1909f56bfc062723c751e8b465ee728b)
Start importing Assets/Scenes/Round3.png using Guid(414a31a3a250b460bae14964f545dfd0) Importer(815301076,1909f56bfc062723c751e8b465ee728b)  -> (artifact id: '096997c0ca82a603c4cfb84d132f1e17') in 0.074831 seconds 
========================================================================
Received Import Request.
  Time since last request: 2.555731 seconds.
  path: Assets/Scenes/GameRound3.cs
  artifactKey: Guid(95da598d03f13424794aae94f0644932) Importer(815301076,1909f56bfc062723c751e8b465ee728b)
Start importing Assets/Scenes/GameRound3.cs using Guid(95da598d03f13424794aae94f0644932) Importer(815301076,1909f56bfc062723c751e8b465ee728b)  -> (artifact id: 'a5ffc000cd2692eb97d07ff65e256f27') in 0.011226 seconds 
========================================================================
Received Import Request.
  Time since last request: 3.475902 seconds.
  path: Assets/Scenes/StartGame.png
  artifactKey: Guid(4942050151da74e9ea4d7f5f97404456) Importer(815301076,1909f56bfc062723c751e8b465ee728b)
Start importing Assets/Scenes/StartGame.png using Guid(4942050151da74e9ea4d7f5f97404456) Importer(815301076,1909f56bfc062723c751e8b465ee728b)  -> (artifact id: '4d7f7ce934be02252546ec9f0faf71ef') in 0.105524 seconds 
========================================================================
Received Prepare
Registering precompiled user dll's ...
Registered in 0.016828 seconds.
Begin MonoManager ReloadAssembly
Symbol file LoadedFromMemory doesn't match image C:\Users\xth94\Documents\GitHub\TrainQuest\TrainQuest_Final\Library\PackageCache\com.unity.visualscripting@1.8.0\Editor\VisualScripting.Core\Dependencies\YamlDotNet\Unity.VisualScripting.YamlDotNet.dll
Symbol file LoadedFromMemory doesn't match image C:\Users\xth94\Documents\GitHub\TrainQuest\TrainQuest_Final\Library\PackageCache\com.unity.visualscripting@1.8.0\Editor\VisualScripting.Core\Dependencies\DotNetZip\Unity.VisualScripting.IonicZip.dll
Native extension for WindowsStandalone target not found
Native extension for Android target not found
Native extension for WebGL target not found
Refreshing native plugins compatible for Editor in 0.86 ms, found 6 plugins.
Preloading 2 native plugins for Editor in 0.30 ms.
Mono: successfully reloaded assembly
- Completed reload, in  1.244 seconds
Domain Reload Profiling:
	ReloadAssembly (1245ms)
		BeginReloadAssembly (155ms)
			ExecutionOrderSort (0ms)
			DisableScriptedObjects (7ms)
			BackupInstance (0ms)
			ReleaseScriptingObjects (0ms)
			CreateAndSetChildDomain (40ms)
		EndReloadAssembly (968ms)
			LoadAssemblies (119ms)
			RebuildTransferFunctionScriptingTraits (0ms)
			SetupTypeCache (334ms)
			ReleaseScriptCaches (1ms)
			RebuildScriptCaches (47ms)
			SetupLoadedEditorAssemblies (392ms)
				LogAssemblyErrors (0ms)
				InitializePlatformSupportModulesInManaged (27ms)
				SetLoadedEditorAssemblies (0ms)
				RefreshPlugins (1ms)
				BeforeProcessingInitializeOnLoad (88ms)
				ProcessInitializeOnLoadAttributes (244ms)
				ProcessInitializeOnLoadMethodAttributes (29ms)
				AfterProcessingInitializeOnLoad (2ms)
				EditorAssembliesLoaded (0ms)
			ExecutionOrderSort2 (0ms)
			AwakeInstancesAfterBackupRestoration (10ms)
Platform modules already initialized, skipping
Refreshing native plugins compatible for Editor in 8.09 ms, found 6 plugins.
Preloading 2 native plugins for Editor in 0.23 ms.
Unloading 3443 Unused Serialized files (Serialized files now loaded: 0)
Unloading 50 unused Assets / (90.8 KB). Loaded Objects now: 4247.
Memory consumption went from 144.9 MB to 144.8 MB.
Total: 3.165100 ms (FindLiveObjects: 0.369300 ms CreateObjectMapping: 0.242300 ms MarkObjects: 2.444100 ms  DeleteObjects: 0.108300 ms)

AssetImportParameters requested are different than current active one (requested -> active):
  custom:video-decoder-ogg-theora: a1e56fd34408186e4bbccfd4996cb3dc -> 
  custom:container-muxer-webm: aa71ff27fc2769a1b78a27578f13a17b -> 
  custom:container-demuxer-webm: 4f35f7cbe854078d1ac9338744f61a02 -> 
  custom:video-encoder-webm-vp8: eb34c28f22e8b96e1ab97ce403110664 -> 
  custom:video-codec-MediaFoundation-h265: 746d11721c4dcdbdad8f713fa42b33f4 -> 
  custom:audio-encoder-webm-vorbis: bf7c407c2cedff20999df2af8eb42d56 -> 
  custom:framework-win-MediaFoundation: 216162199b28c13a410421893ffa2e32 -> 
  custom:container-demuxer-ogg: 62fdf1f143b41e24485cea50d1cbac27 -> 
  custom:video-decoder-webm-vp8: 9c59270c3fd7afecdb556c50c9e8de78 -> 
  custom:audio-decoder-ogg-vorbis: bf7c407c2cedff20999df2af8eb42d56 -> 
========================================================================
Received Prepare
Registering precompiled user dll's ...
Registered in 0.016319 seconds.
Begin MonoManager ReloadAssembly
Symbol file LoadedFromMemory doesn't match image C:\Users\xth94\Documents\GitHub\TrainQuest\TrainQuest_Final\Library\PackageCache\com.unity.visualscripting@1.8.0\Editor\VisualScripting.Core\Dependencies\YamlDotNet\Unity.VisualScripting.YamlDotNet.dll
Symbol file LoadedFromMemory doesn't match image C:\Users\xth94\Documents\GitHub\TrainQuest\TrainQuest_Final\Library\PackageCache\com.unity.visualscripting@1.8.0\Editor\VisualScripting.Core\Dependencies\DotNetZip\Unity.VisualScripting.IonicZip.dll
Native extension for WindowsStandalone target not found
Native extension for Android target not found
Native extension for WebGL target not found
Refreshing native plugins compatible for Editor in 0.93 ms, found 6 plugins.
Preloading 2 native plugins for Editor in 0.29 ms.
Mono: successfully reloaded assembly
- Completed reload, in  1.212 seconds
Domain Reload Profiling:
	ReloadAssembly (1213ms)
		BeginReloadAssembly (143ms)
			ExecutionOrderSort (0ms)
			DisableScriptedObjects (5ms)
			BackupInstance (0ms)
			ReleaseScriptingObjects (0ms)
			CreateAndSetChildDomain (39ms)
		EndReloadAssembly (958ms)
			LoadAssemblies (106ms)
			RebuildTransferFunctionScriptingTraits (0ms)
			SetupTypeCache (335ms)
			ReleaseScriptCaches (2ms)
			RebuildScriptCaches (47ms)
			SetupLoadedEditorAssemblies (380ms)
				LogAssemblyErrors (0ms)
				InitializePlatformSupportModulesInManaged (27ms)
				SetLoadedEditorAssemblies (0ms)
				RefreshPlugins (1ms)
				BeforeProcessingInitializeOnLoad (82ms)
				ProcessInitializeOnLoadAttributes (235ms)
				ProcessInitializeOnLoadMethodAttributes (31ms)
				AfterProcessingInitializeOnLoad (3ms)
				EditorAssembliesLoaded (0ms)
			ExecutionOrderSort2 (0ms)
			AwakeInstancesAfterBackupRestoration (11ms)
Platform modules already initialized, skipping
Refreshing native plugins compatible for Editor in 7.79 ms, found 6 plugins.
Preloading 2 native plugins for Editor in 0.20 ms.
Unloading 3444 Unused Serialized files (Serialized files now loaded: 0)
Unloading 43 unused Assets / (91.0 KB). Loaded Objects now: 4251.
Memory consumption went from 144.9 MB to 144.8 MB.
Total: 3.226000 ms (FindLiveObjects: 0.403100 ms CreateObjectMapping: 0.240900 ms MarkObjects: 2.474300 ms  DeleteObjects: 0.106500 ms)

AssetImportParameters requested are different than current active one (requested -> active):
  custom:video-decoder-ogg-theora: a1e56fd34408186e4bbccfd4996cb3dc -> 
  custom:container-muxer-webm: aa71ff27fc2769a1b78a27578f13a17b -> 
  custom:container-demuxer-webm: 4f35f7cbe854078d1ac9338744f61a02 -> 
  custom:video-encoder-webm-vp8: eb34c28f22e8b96e1ab97ce403110664 -> 
  custom:video-codec-MediaFoundation-h265: 746d11721c4dcdbdad8f713fa42b33f4 -> 
  custom:audio-encoder-webm-vorbis: bf7c407c2cedff20999df2af8eb42d56 -> 
  custom:framework-win-MediaFoundation: 216162199b28c13a410421893ffa2e32 -> 
  custom:container-demuxer-ogg: 62fdf1f143b41e24485cea50d1cbac27 -> 
  custom:video-decoder-webm-vp8: 9c59270c3fd7afecdb556c50c9e8de78 -> 
  custom:audio-decoder-ogg-vorbis: bf7c407c2cedff20999df2af8eb42d56 -> 
========================================================================
Received Import Request.
  Time since last request: 341.929903 seconds.
  path: Assets/Scenes/DriverScene.unity
  artifactKey: Guid(569a9b016643944eaa4b4a22b2e735a9) Importer(815301076,1909f56bfc062723c751e8b465ee728b)
Start importing Assets/Scenes/DriverScene.unity using Guid(569a9b016643944eaa4b4a22b2e735a9) Importer(815301076,1909f56bfc062723c751e8b465ee728b)  -> (artifact id: 'de37795eeb367651641a25cd3f49683e') in 0.008459 seconds 
========================================================================
Received Import Request.
  Time since last request: 155.783153 seconds.
  path: Assets/Scenes/StartGame.unity
  artifactKey: Guid(9fc0d4010bbf28b4594072e72b8655ab) Importer(815301076,1909f56bfc062723c751e8b465ee728b)
Start importing Assets/Scenes/StartGame.unity using Guid(9fc0d4010bbf28b4594072e72b8655ab) Importer(815301076,1909f56bfc062723c751e8b465ee728b)  -> (artifact id: '38b8b075be8f04e149349b99e82cb30b') in 0.001915 seconds 
========================================================================
Received Import Request.
  Time since last request: 29.124979 seconds.
  path: Assets/TextMesh Pro
  artifactKey: Guid(f54d1bd14bd3ca042bd867b519fee8cc) Importer(815301076,1909f56bfc062723c751e8b465ee728b)
Start importing Assets/TextMesh Pro using Guid(f54d1bd14bd3ca042bd867b519fee8cc) Importer(815301076,1909f56bfc062723c751e8b465ee728b)  -> (artifact id: 'f5648c5ef36b7beab651a001a8d08867') in 0.002324 seconds 
========================================================================
Received Import Request.
  Time since last request: 0.441647 seconds.
  path: Assets/Toilet
  artifactKey: Guid(171461a881d9cdd46b372f644b72d4dc) Importer(815301076,1909f56bfc062723c751e8b465ee728b)
Start importing Assets/Toilet using Guid(171461a881d9cdd46b372f644b72d4dc) Importer(815301076,1909f56bfc062723c751e8b465ee728b)  -> (artifact id: 'a198ef38ebf1b7f16724a629e75722c2') in 0.001814 seconds 
========================================================================
Received Import Request.
  Time since last request: 1.808939 seconds.
  path: Assets/Cow
  artifactKey: Guid(649054ac459a66e409b22df553685e4a) Importer(815301076,1909f56bfc062723c751e8b465ee728b)
Start importing Assets/Cow using Guid(649054ac459a66e409b22df553685e4a) Importer(815301076,1909f56bfc062723c751e8b465ee728b)  -> (artifact id: 'e95ba82aa66e957e71619d71db6244ba') in 0.002074 seconds 
========================================================================
Received Import Request.
  Time since last request: 8.340340 seconds.
  path: Assets/UI
  artifactKey: Guid(ae2dae0c8cf614a42a4258ef3dd87f41) Importer(815301076,1909f56bfc062723c751e8b465ee728b)
Start importing Assets/UI using Guid(ae2dae0c8cf614a42a4258ef3dd87f41) Importer(815301076,1909f56bfc062723c751e8b465ee728b)  -> (artifact id: '0eb9235680b659c84d12fa16696be124') in 0.002042 seconds 
========================================================================
Received Import Request.
  Time since last request: 5.586361 seconds.
  path: Assets/UI/ChooseYourRole.png
  artifactKey: Guid(42df52e8d00397a479750a17334fee86) Importer(815301076,1909f56bfc062723c751e8b465ee728b)
Start importing Assets/UI/ChooseYourRole.png using Guid(42df52e8d00397a479750a17334fee86) Importer(815301076,1909f56bfc062723c751e8b465ee728b)  -> (artifact id: 'd972a6b5cd0742327c71d7114a7eeaf5') in 0.151539 seconds 
========================================================================
Received Import Request.
  Time since last request: 0.000021 seconds.
  path: Assets/UI/Round2.png
  artifactKey: Guid(ea8070dfd9b3a90418f5886a85646b84) Importer(815301076,1909f56bfc062723c751e8b465ee728b)
Start importing Assets/UI/Round2.png using Guid(ea8070dfd9b3a90418f5886a85646b84) Importer(815301076,1909f56bfc062723c751e8b465ee728b)  -> (artifact id: '744c8db5c6024fdcde6edb29605bb82d') in 0.083074 seconds 
========================================================================
Received Import Request.
  Time since last request: 0.000038 seconds.
  path: Assets/UI/Round4.png
  artifactKey: Guid(5f488ffa2addcd84a830e967ac3cec03) Importer(815301076,1909f56bfc062723c751e8b465ee728b)
Start importing Assets/UI/Round4.png using Guid(5f488ffa2addcd84a830e967ac3cec03) Importer(815301076,1909f56bfc062723c751e8b465ee728b)  -> (artifact id: '98de6b5176d7874ea204fd3cfe059df7') in 0.107543 seconds 
========================================================================
Received Import Request.
  Time since last request: 0.000030 seconds.
  path: Assets/UI/Round3.png
  artifactKey: Guid(4e5ba7c87895ba84e984986d4fd4a114) Importer(815301076,1909f56bfc062723c751e8b465ee728b)
Start importing Assets/UI/Round3.png using Guid(4e5ba7c87895ba84e984986d4fd4a114) Importer(815301076,1909f56bfc062723c751e8b465ee728b)  -> (artifact id: 'ab4f8057e7e496682676de62da63e839') in 0.081571 seconds 
========================================================================
Received Import Request.
  Time since last request: 111.684975 seconds.
  path: Assets/UI/DriverScene.unity
  artifactKey: Guid(1efd9605ac4fae74b9028bc4a5f6b99d) Importer(815301076,1909f56bfc062723c751e8b465ee728b)
Start importing Assets/UI/DriverScene.unity using Guid(1efd9605ac4fae74b9028bc4a5f6b99d) Importer(815301076,1909f56bfc062723c751e8b465ee728b)  -> (artifact id: 'b9aa54d4812ea4bb4d1991e27d04dd78') in 0.002014 seconds 
========================================================================
Received Import Request.
  Time since last request: 16.745796 seconds.
  path: Assets/TrainQuest_Final.unity
  artifactKey: Guid(16736f661f2658e41b7acaca478006a8) Importer(815301076,1909f56bfc062723c751e8b465ee728b)
Start importing Assets/TrainQuest_Final.unity using Guid(16736f661f2658e41b7acaca478006a8) Importer(815301076,1909f56bfc062723c751e8b465ee728b)  -> (artifact id: '0d3484b484d64e9e23a5b8d7b411c2d1') in 0.002184 seconds 
========================================================================
Received Import Request.
  Time since last request: 317.866060 seconds.
  path: Assets/UI/StartGame.cs
  artifactKey: Guid(662b91d48b1df0d449942cb40994ebb5) Importer(815301076,1909f56bfc062723c751e8b465ee728b)
Start importing Assets/UI/StartGame.cs using Guid(662b91d48b1df0d449942cb40994ebb5) Importer(815301076,1909f56bfc062723c751e8b465ee728b)  -> (artifact id: 'd01d3db24f0ca904bb937d9f6b9c393f') in 0.001809 seconds 
========================================================================
Received Import Request.
  Time since last request: 246.085106 seconds.
  path: Assets/UI/ChooseYourRole.unity
  artifactKey: Guid(18e2ed669de136249bbb889d9339effd) Importer(815301076,1909f56bfc062723c751e8b465ee728b)
Start importing Assets/UI/ChooseYourRole.unity using Guid(18e2ed669de136249bbb889d9339effd) Importer(815301076,1909f56bfc062723c751e8b465ee728b)  -> (artifact id: '5b00e3665b6101ea4d52e9d2c7aa2174') in 0.001884 seconds 
========================================================================
Received Import Request.
  Time since last request: 14.659305 seconds.
  path: Assets/UI/StartGame.unity
  artifactKey: Guid(5e32213bf08f308429e91c1707d918b9) Importer(815301076,1909f56bfc062723c751e8b465ee728b)
Start importing Assets/UI/StartGame.unity using Guid(5e32213bf08f308429e91c1707d918b9) Importer(815301076,1909f56bfc062723c751e8b465ee728b)  -> (artifact id: 'd675f4fdbc571d82accc90b9ce471b30') in 0.001857 seconds 
========================================================================
Received Import Request.
  Time since last request: 303.494760 seconds.
  path: Assets/UI/StartGame.unity
  artifactKey: Guid(5e32213bf08f308429e91c1707d918b9) Importer(815301076,1909f56bfc062723c751e8b465ee728b)
Start importing Assets/UI/StartGame.unity using Guid(5e32213bf08f308429e91c1707d918b9) Importer(815301076,1909f56bfc062723c751e8b465ee728b)  -> (artifact id: 'b8abc3478c74009a0feef8db7ac7a546') in 0.001791 seconds 
========================================================================
Received Import Request.
  Time since last request: 14.748228 seconds.
  path: Assets/UI/ChooseYourRole.unity
  artifactKey: Guid(18e2ed669de136249bbb889d9339effd) Importer(815301076,1909f56bfc062723c751e8b465ee728b)
Start importing Assets/UI/ChooseYourRole.unity using Guid(18e2ed669de136249bbb889d9339effd) Importer(815301076,1909f56bfc062723c751e8b465ee728b)  -> (artifact id: 'ad0ea87cd139bc8eb2ea1dc70ad3a644') in 0.001666 seconds 
========================================================================
Received Import Request.
  Time since last request: 104.386952 seconds.
  path: Assets/UI/ChooseYourRole.unity
  artifactKey: Guid(18e2ed669de136249bbb889d9339effd) Importer(815301076,1909f56bfc062723c751e8b465ee728b)
Start importing Assets/UI/ChooseYourRole.unity using Guid(18e2ed669de136249bbb889d9339effd) Importer(815301076,1909f56bfc062723c751e8b465ee728b)  -> (artifact id: '4d687b2362bdd5703a144d1c30ffb56c') in 0.001954 seconds 
========================================================================
Received Prepare
Registering precompiled user dll's ...
Registered in 0.016248 seconds.
Begin MonoManager ReloadAssembly
Symbol file LoadedFromMemory doesn't match image C:\Users\xth94\Documents\GitHub\TrainQuest\TrainQuest_Final\Library\PackageCache\com.unity.visualscripting@1.8.0\Editor\VisualScripting.Core\Dependencies\YamlDotNet\Unity.VisualScripting.YamlDotNet.dll
Symbol file LoadedFromMemory doesn't match image C:\Users\xth94\Documents\GitHub\TrainQuest\TrainQuest_Final\Library\PackageCache\com.unity.visualscripting@1.8.0\Editor\VisualScripting.Core\Dependencies\DotNetZip\Unity.VisualScripting.IonicZip.dll
Native extension for WindowsStandalone target not found
Native extension for Android target not found
Native extension for WebGL target not found
Refreshing native plugins compatible for Editor in 1.18 ms, found 6 plugins.
Preloading 2 native plugins for Editor in 0.32 ms.
Mono: successfully reloaded assembly
- Completed reload, in  1.178 seconds
Domain Reload Profiling:
	ReloadAssembly (1179ms)
		BeginReloadAssembly (153ms)
			ExecutionOrderSort (0ms)
			DisableScriptedObjects (5ms)
			BackupInstance (0ms)
			ReleaseScriptingObjects (0ms)
			CreateAndSetChildDomain (39ms)
		EndReloadAssembly (906ms)
			LoadAssemblies (114ms)
			RebuildTransferFunctionScriptingTraits (0ms)
			SetupTypeCache (329ms)
			ReleaseScriptCaches (1ms)
			RebuildScriptCaches (46ms)
			SetupLoadedEditorAssemblies (359ms)
				LogAssemblyErrors (0ms)
				InitializePlatformSupportModulesInManaged (26ms)
				SetLoadedEditorAssemblies (1ms)
				RefreshPlugins (2ms)
				BeforeProcessingInitializeOnLoad (72ms)
				ProcessInitializeOnLoadAttributes (229ms)
				ProcessInitializeOnLoadMethodAttributes (26ms)
				AfterProcessingInitializeOnLoad (3ms)
				EditorAssembliesLoaded (0ms)
			ExecutionOrderSort2 (0ms)
			AwakeInstancesAfterBackupRestoration (10ms)
Platform modules already initialized, skipping
Refreshing native plugins compatible for Editor in 7.17 ms, found 6 plugins.
Preloading 2 native plugins for Editor in 0.17 ms.
Unloading 3444 Unused Serialized files (Serialized files now loaded: 0)
Unloading 43 unused Assets / (90.9 KB). Loaded Objects now: 4254.
Memory consumption went from 144.9 MB to 144.9 MB.
Total: 3.167200 ms (FindLiveObjects: 0.273000 ms CreateObjectMapping: 0.289500 ms MarkObjects: 2.504000 ms  DeleteObjects: 0.099600 ms)

AssetImportParameters requested are different than current active one (requested -> active):
  custom:video-decoder-ogg-theora: a1e56fd34408186e4bbccfd4996cb3dc -> 
  custom:container-muxer-webm: aa71ff27fc2769a1b78a27578f13a17b -> 
  custom:container-demuxer-webm: 4f35f7cbe854078d1ac9338744f61a02 -> 
  custom:video-encoder-webm-vp8: eb34c28f22e8b96e1ab97ce403110664 -> 
  custom:video-codec-MediaFoundation-h265: 746d11721c4dcdbdad8f713fa42b33f4 -> 
  custom:audio-encoder-webm-vorbis: bf7c407c2cedff20999df2af8eb42d56 -> 
  custom:framework-win-MediaFoundation: 216162199b28c13a410421893ffa2e32 -> 
  custom:container-demuxer-ogg: 62fdf1f143b41e24485cea50d1cbac27 -> 
  custom:video-decoder-webm-vp8: 9c59270c3fd7afecdb556c50c9e8de78 -> 
  custom:audio-decoder-ogg-vorbis: bf7c407c2cedff20999df2af8eb42d56 -> 
========================================================================
Received Import Request.
  Time since last request: 136.121754 seconds.
  path: Assets/UI/Start Game.cs
  artifactKey: Guid(59db29520b9db284798593dc7c9bc1f8) Importer(815301076,1909f56bfc062723c751e8b465ee728b)
Start importing Assets/UI/Start Game.cs using Guid(59db29520b9db284798593dc7c9bc1f8) Importer(815301076,1909f56bfc062723c751e8b465ee728b)  -> (artifact id: 'b269fe961f6cc7377ebb66a1bf04e9cf') in 0.007086 seconds 
========================================================================
Received Import Request.
  Time since last request: 103.921140 seconds.
  path: Assets/UI/Start Game.cs
  artifactKey: Guid(59db29520b9db284798593dc7c9bc1f8) Importer(815301076,1909f56bfc062723c751e8b465ee728b)
Start importing Assets/UI/Start Game.cs using Guid(59db29520b9db284798593dc7c9bc1f8) Importer(815301076,1909f56bfc062723c751e8b465ee728b)  -> (artifact id: '218e3d054cac5fac682dc01ccabeb798') in 0.002707 seconds 
========================================================================
Received Import Request.
  Time since last request: 21.811507 seconds.
  path: Assets/UI/Start Game.cs
  artifactKey: Guid(59db29520b9db284798593dc7c9bc1f8) Importer(815301076,1909f56bfc062723c751e8b465ee728b)
Start importing Assets/UI/Start Game.cs using Guid(59db29520b9db284798593dc7c9bc1f8) Importer(815301076,1909f56bfc062723c751e8b465ee728b)  -> (artifact id: '4d04fa9146b3481bbda32c74eaf476c9') in 0.001822 seconds 
========================================================================
Received Import Request.
  Time since last request: 138.443477 seconds.
  path: Assets/TrainQuest_Final.unity
  artifactKey: Guid(16736f661f2658e41b7acaca478006a8) Importer(815301076,1909f56bfc062723c751e8b465ee728b)
Start importing Assets/TrainQuest_Final.unity using Guid(16736f661f2658e41b7acaca478006a8) Importer(815301076,1909f56bfc062723c751e8b465ee728b)  -> (artifact id: '424f18a73a1f8490b0550bcdb58f00c4') in 0.001752 seconds 
========================================================================
Received Import Request.
  Time since last request: 16.610112 seconds.
  path: Assets/UI/StartGame.unity
  artifactKey: Guid(5e32213bf08f308429e91c1707d918b9) Importer(815301076,1909f56bfc062723c751e8b465ee728b)
Start importing Assets/UI/StartGame.unity using Guid(5e32213bf08f308429e91c1707d918b9) Importer(815301076,1909f56bfc062723c751e8b465ee728b)  -> (artifact id: '4a8d2b509ec850efca8fe1c9dd4610c6') in 0.002083 seconds 
========================================================================
Received Import Request.
  Time since last request: 29.623614 seconds.
  path: Assets/UI/Start.unity
  artifactKey: Guid(5e32213bf08f308429e91c1707d918b9) Importer(815301076,1909f56bfc062723c751e8b465ee728b)
Start importing Assets/UI/Start.unity using Guid(5e32213bf08f308429e91c1707d918b9) Importer(815301076,1909f56bfc062723c751e8b465ee728b)  -> (artifact id: '589430b2e9791c34cd26ea80e8064160') in 0.001935 seconds 
========================================================================
Received Import Request.
  Time since last request: 8.929262 seconds.
  path: Assets/UI/Start.png
  artifactKey: Guid(6df9e1b36366718479c0af2e40f7a681) Importer(815301076,1909f56bfc062723c751e8b465ee728b)
Start importing Assets/UI/Start.png using Guid(6df9e1b36366718479c0af2e40f7a681) Importer(815301076,1909f56bfc062723c751e8b465ee728b)  -> (artifact id: '5137eb6afae8ee03ce818a717129053f') in 0.141728 seconds 
========================================================================
Received Import Request.
  Time since last request: 11.326794 seconds.
  path: Assets/UI/Start Game.cs
  artifactKey: Guid(59db29520b9db284798593dc7c9bc1f8) Importer(815301076,1909f56bfc062723c751e8b465ee728b)
Start importing Assets/UI/Start Game.cs using Guid(59db29520b9db284798593dc7c9bc1f8) Importer(815301076,1909f56bfc062723c751e8b465ee728b)  -> (artifact id: '26d1aad9b8fb8d1a350aa6971da2b285') in 0.001720 seconds 
========================================================================
Received Import Request.
  Time since last request: 9.616368 seconds.
  path: Assets/UI/Start.cs
  artifactKey: Guid(59db29520b9db284798593dc7c9bc1f8) Importer(815301076,1909f56bfc062723c751e8b465ee728b)
Start importing Assets/UI/Start.cs using Guid(59db29520b9db284798593dc7c9bc1f8) Importer(815301076,1909f56bfc062723c751e8b465ee728b)  -> (artifact id: 'fff1a5c19d7153206ad590f663501f25') in 0.002272 seconds 
========================================================================
Received Import Request.
  Time since last request: 2.912863 seconds.
  path: Assets/UI/ChooseYourRole.unity
  artifactKey: Guid(18e2ed669de136249bbb889d9339effd) Importer(815301076,1909f56bfc062723c751e8b465ee728b)
Start importing Assets/UI/ChooseYourRole.unity using Guid(18e2ed669de136249bbb889d9339effd) Importer(815301076,1909f56bfc062723c751e8b465ee728b)  -> (artifact id: 'a5344262eaedb7300e68a6fbfbb2cac4') in 0.003463 seconds 
========================================================================
Received Import Request.
  Time since last request: 13.471596 seconds.
  path: Assets/UI/Role.png
  artifactKey: Guid(42df52e8d00397a479750a17334fee86) Importer(815301076,1909f56bfc062723c751e8b465ee728b)
Start importing Assets/UI/Role.png using Guid(42df52e8d00397a479750a17334fee86) Importer(815301076,1909f56bfc062723c751e8b465ee728b)  -> (artifact id: '0b1408cfb371562f2d827d54c5cd94e6') in 0.078990 seconds 
========================================================================
Received Import Request.
  Time since last request: 4.710171 seconds.
  path: Assets/UI/Role.unity
  artifactKey: Guid(18e2ed669de136249bbb889d9339effd) Importer(815301076,1909f56bfc062723c751e8b465ee728b)
Start importing Assets/UI/Role.unity using Guid(18e2ed669de136249bbb889d9339effd) Importer(815301076,1909f56bfc062723c751e8b465ee728b)  -> (artifact id: '0771168a2b35d4b9a33c0eca58fea169') in 0.001856 seconds 
========================================================================
Received Prepare
Registering precompiled user dll's ...
Registered in 0.018106 seconds.
Begin MonoManager ReloadAssembly
Symbol file LoadedFromMemory doesn't match image C:\Users\xth94\Documents\GitHub\TrainQuest\TrainQuest_Final\Library\PackageCache\com.unity.visualscripting@1.8.0\Editor\VisualScripting.Core\Dependencies\YamlDotNet\Unity.VisualScripting.YamlDotNet.dll
Symbol file LoadedFromMemory doesn't match image C:\Users\xth94\Documents\GitHub\TrainQuest\TrainQuest_Final\Library\PackageCache\com.unity.visualscripting@1.8.0\Editor\VisualScripting.Core\Dependencies\DotNetZip\Unity.VisualScripting.IonicZip.dll
Native extension for WindowsStandalone target not found
Native extension for Android target not found
Native extension for WebGL target not found
Refreshing native plugins compatible for Editor in 1.49 ms, found 6 plugins.
Preloading 2 native plugins for Editor in 0.42 ms.
Mono: successfully reloaded assembly
- Completed reload, in  1.207 seconds
Domain Reload Profiling:
	ReloadAssembly (1208ms)
		BeginReloadAssembly (155ms)
			ExecutionOrderSort (0ms)
			DisableScriptedObjects (6ms)
			BackupInstance (0ms)
			ReleaseScriptingObjects (0ms)
			CreateAndSetChildDomain (38ms)
		EndReloadAssembly (943ms)
			LoadAssemblies (117ms)
			RebuildTransferFunctionScriptingTraits (0ms)
			SetupTypeCache (330ms)
			ReleaseScriptCaches (2ms)
			RebuildScriptCaches (47ms)
			SetupLoadedEditorAssemblies (378ms)
				LogAssemblyErrors (0ms)
				InitializePlatformSupportModulesInManaged (25ms)
				SetLoadedEditorAssemblies (0ms)
				RefreshPlugins (2ms)
				BeforeProcessingInitializeOnLoad (92ms)
				ProcessInitializeOnLoadAttributes (226ms)
				ProcessInitializeOnLoadMethodAttributes (29ms)
				AfterProcessingInitializeOnLoad (3ms)
				EditorAssembliesLoaded (0ms)
			ExecutionOrderSort2 (0ms)
			AwakeInstancesAfterBackupRestoration (11ms)
Platform modules already initialized, skipping
Refreshing native plugins compatible for Editor in 6.62 ms, found 6 plugins.
Preloading 2 native plugins for Editor in 0.17 ms.
Unloading 3445 Unused Serialized files (Serialized files now loaded: 0)
Unloading 43 unused Assets / (91.0 KB). Loaded Objects now: 4258.
Memory consumption went from 145.0 MB to 144.9 MB.
Total: 2.875200 ms (FindLiveObjects: 0.256300 ms CreateObjectMapping: 0.163800 ms MarkObjects: 2.362400 ms  DeleteObjects: 0.091600 ms)

AssetImportParameters requested are different than current active one (requested -> active):
  custom:video-decoder-ogg-theora: a1e56fd34408186e4bbccfd4996cb3dc -> 
  custom:container-muxer-webm: aa71ff27fc2769a1b78a27578f13a17b -> 
  custom:container-demuxer-webm: 4f35f7cbe854078d1ac9338744f61a02 -> 
  custom:video-encoder-webm-vp8: eb34c28f22e8b96e1ab97ce403110664 -> 
  custom:video-codec-MediaFoundation-h265: 746d11721c4dcdbdad8f713fa42b33f4 -> 
  custom:audio-encoder-webm-vorbis: bf7c407c2cedff20999df2af8eb42d56 -> 
  custom:framework-win-MediaFoundation: 216162199b28c13a410421893ffa2e32 -> 
  custom:container-demuxer-ogg: 62fdf1f143b41e24485cea50d1cbac27 -> 
  custom:video-decoder-webm-vp8: 9c59270c3fd7afecdb556c50c9e8de78 -> 
  custom:audio-decoder-ogg-vorbis: bf7c407c2cedff20999df2af8eb42d56 -> 
========================================================================
Received Prepare
Registering precompiled user dll's ...
Registered in 0.015816 seconds.
Begin MonoManager ReloadAssembly
Symbol file LoadedFromMemory doesn't match image C:\Users\xth94\Documents\GitHub\TrainQuest\TrainQuest_Final\Library\PackageCache\com.unity.visualscripting@1.8.0\Editor\VisualScripting.Core\Dependencies\YamlDotNet\Unity.VisualScripting.YamlDotNet.dll
Symbol file LoadedFromMemory doesn't match image C:\Users\xth94\Documents\GitHub\TrainQuest\TrainQuest_Final\Library\PackageCache\com.unity.visualscripting@1.8.0\Editor\VisualScripting.Core\Dependencies\DotNetZip\Unity.VisualScripting.IonicZip.dll
Native extension for WindowsStandalone target not found
Native extension for Android target not found
Native extension for WebGL target not found
Refreshing native plugins compatible for Editor in 1.00 ms, found 6 plugins.
Preloading 2 native plugins for Editor in 0.36 ms.
Mono: successfully reloaded assembly
- Completed reload, in  1.215 seconds
Domain Reload Profiling:
	ReloadAssembly (1216ms)
		BeginReloadAssembly (141ms)
			ExecutionOrderSort (0ms)
			DisableScriptedObjects (6ms)
			BackupInstance (0ms)
			ReleaseScriptingObjects (0ms)
			CreateAndSetChildDomain (33ms)
		EndReloadAssembly (971ms)
			LoadAssemblies (107ms)
			RebuildTransferFunctionScriptingTraits (0ms)
			SetupTypeCache (342ms)
			ReleaseScriptCaches (1ms)
			RebuildScriptCaches (50ms)
			SetupLoadedEditorAssemblies (391ms)
				LogAssemblyErrors (0ms)
				InitializePlatformSupportModulesInManaged (26ms)
				SetLoadedEditorAssemblies (0ms)
				RefreshPlugins (2ms)
				BeforeProcessingInitializeOnLoad (89ms)
				ProcessInitializeOnLoadAttributes (242ms)
				ProcessInitializeOnLoadMethodAttributes (29ms)
				AfterProcessingInitializeOnLoad (3ms)
				EditorAssembliesLoaded (0ms)
			ExecutionOrderSort2 (0ms)
			AwakeInstancesAfterBackupRestoration (10ms)
Platform modules already initialized, skipping
Refreshing native plugins compatible for Editor in 9.55 ms, found 6 plugins.
Preloading 2 native plugins for Editor in 0.19 ms.
Unloading 3445 Unused Serialized files (Serialized files now loaded: 0)
Unloading 43 unused Assets / (91.1 KB). Loaded Objects now: 4261.
Memory consumption went from 145.0 MB to 144.9 MB.
Total: 3.151000 ms (FindLiveObjects: 0.310300 ms CreateObjectMapping: 0.291700 ms MarkObjects: 2.445000 ms  DeleteObjects: 0.102800 ms)

AssetImportParameters requested are different than current active one (requested -> active):
  custom:video-decoder-ogg-theora: a1e56fd34408186e4bbccfd4996cb3dc -> 
  custom:container-muxer-webm: aa71ff27fc2769a1b78a27578f13a17b -> 
  custom:container-demuxer-webm: 4f35f7cbe854078d1ac9338744f61a02 -> 
  custom:video-encoder-webm-vp8: eb34c28f22e8b96e1ab97ce403110664 -> 
  custom:video-codec-MediaFoundation-h265: 746d11721c4dcdbdad8f713fa42b33f4 -> 
  custom:audio-encoder-webm-vorbis: bf7c407c2cedff20999df2af8eb42d56 -> 
  custom:framework-win-MediaFoundation: 216162199b28c13a410421893ffa2e32 -> 
  custom:container-demuxer-ogg: 62fdf1f143b41e24485cea50d1cbac27 -> 
  custom:video-decoder-webm-vp8: 9c59270c3fd7afecdb556c50c9e8de78 -> 
  custom:audio-decoder-ogg-vorbis: bf7c407c2cedff20999df2af8eb42d56 -> 
========================================================================
Received Prepare
Registering precompiled user dll's ...
Registered in 0.017169 seconds.
Begin MonoManager ReloadAssembly
Symbol file LoadedFromMemory doesn't match image C:\Users\xth94\Documents\GitHub\TrainQuest\TrainQuest_Final\Library\PackageCache\com.unity.visualscripting@1.8.0\Editor\VisualScripting.Core\Dependencies\YamlDotNet\Unity.VisualScripting.YamlDotNet.dll
Symbol file LoadedFromMemory doesn't match image C:\Users\xth94\Documents\GitHub\TrainQuest\TrainQuest_Final\Library\PackageCache\com.unity.visualscripting@1.8.0\Editor\VisualScripting.Core\Dependencies\DotNetZip\Unity.VisualScripting.IonicZip.dll
Native extension for WindowsStandalone target not found
Native extension for Android target not found
Native extension for WebGL target not found
Refreshing native plugins compatible for Editor in 1.21 ms, found 6 plugins.
Preloading 2 native plugins for Editor in 0.27 ms.
Mono: successfully reloaded assembly
- Completed reload, in  1.237 seconds
Domain Reload Profiling:
	ReloadAssembly (1238ms)
		BeginReloadAssembly (145ms)
			ExecutionOrderSort (0ms)
			DisableScriptedObjects (8ms)
			BackupInstance (0ms)
			ReleaseScriptingObjects (0ms)
			CreateAndSetChildDomain (33ms)
		EndReloadAssembly (983ms)
			LoadAssemblies (109ms)
			RebuildTransferFunctionScriptingTraits (0ms)
			SetupTypeCache (348ms)
			ReleaseScriptCaches (2ms)
			RebuildScriptCaches (51ms)
			SetupLoadedEditorAssemblies (395ms)
				LogAssemblyErrors (0ms)
				InitializePlatformSupportModulesInManaged (28ms)
				SetLoadedEditorAssemblies (1ms)
				RefreshPlugins (2ms)
				BeforeProcessingInitializeOnLoad (88ms)
				ProcessInitializeOnLoadAttributes (244ms)
				ProcessInitializeOnLoadMethodAttributes (29ms)
				AfterProcessingInitializeOnLoad (3ms)
				EditorAssembliesLoaded (0ms)
			ExecutionOrderSort2 (0ms)
			AwakeInstancesAfterBackupRestoration (9ms)
Platform modules already initialized, skipping
Refreshing native plugins compatible for Editor in 7.51 ms, found 6 plugins.
Preloading 2 native plugins for Editor in 0.18 ms.
Unloading 3445 Unused Serialized files (Serialized files now loaded: 0)
Unloading 43 unused Assets / (91.0 KB). Loaded Objects now: 4264.
Memory consumption went from 145.0 MB to 144.9 MB.
Total: 3.066300 ms (FindLiveObjects: 0.286600 ms CreateObjectMapping: 0.236800 ms MarkObjects: 2.434000 ms  DeleteObjects: 0.107800 ms)

AssetImportParameters requested are different than current active one (requested -> active):
  custom:video-decoder-ogg-theora: a1e56fd34408186e4bbccfd4996cb3dc -> 
  custom:container-muxer-webm: aa71ff27fc2769a1b78a27578f13a17b -> 
  custom:container-demuxer-webm: 4f35f7cbe854078d1ac9338744f61a02 -> 
  custom:video-encoder-webm-vp8: eb34c28f22e8b96e1ab97ce403110664 -> 
  custom:video-codec-MediaFoundation-h265: 746d11721c4dcdbdad8f713fa42b33f4 -> 
  custom:audio-encoder-webm-vorbis: bf7c407c2cedff20999df2af8eb42d56 -> 
  custom:framework-win-MediaFoundation: 216162199b28c13a410421893ffa2e32 -> 
  custom:container-demuxer-ogg: 62fdf1f143b41e24485cea50d1cbac27 -> 
  custom:video-decoder-webm-vp8: 9c59270c3fd7afecdb556c50c9e8de78 -> 
  custom:audio-decoder-ogg-vorbis: bf7c407c2cedff20999df2af8eb42d56 -> 
========================================================================
Received Import Request.
  Time since last request: 275.531110 seconds.
  path: Assets/UI/Start.unity
  artifactKey: Guid(5e32213bf08f308429e91c1707d918b9) Importer(815301076,1909f56bfc062723c751e8b465ee728b)
Start importing Assets/UI/Start.unity using Guid(5e32213bf08f308429e91c1707d918b9) Importer(815301076,1909f56bfc062723c751e8b465ee728b)  -> (artifact id: 'a01061fce91864476a277b02e5c88366') in 0.005647 seconds 
========================================================================
Received Prepare
Registering precompiled user dll's ...
Registered in 0.017097 seconds.
Begin MonoManager ReloadAssembly
Symbol file LoadedFromMemory doesn't match image C:\Users\xth94\Documents\GitHub\TrainQuest\TrainQuest_Final\Library\PackageCache\com.unity.visualscripting@1.8.0\Editor\VisualScripting.Core\Dependencies\YamlDotNet\Unity.VisualScripting.YamlDotNet.dll
Symbol file LoadedFromMemory doesn't match image C:\Users\xth94\Documents\GitHub\TrainQuest\TrainQuest_Final\Library\PackageCache\com.unity.visualscripting@1.8.0\Editor\VisualScripting.Core\Dependencies\DotNetZip\Unity.VisualScripting.IonicZip.dll
Native extension for WindowsStandalone target not found
Native extension for Android target not found
Native extension for WebGL target not found
Refreshing native plugins compatible for Editor in 0.83 ms, found 6 plugins.
Preloading 2 native plugins for Editor in 0.24 ms.
Mono: successfully reloaded assembly
- Completed reload, in  1.234 seconds
Domain Reload Profiling:
	ReloadAssembly (1235ms)
		BeginReloadAssembly (143ms)
			ExecutionOrderSort (0ms)
			DisableScriptedObjects (5ms)
			BackupInstance (0ms)
			ReleaseScriptingObjects (0ms)
			CreateAndSetChildDomain (33ms)
		EndReloadAssembly (994ms)
			LoadAssemblies (112ms)
			RebuildTransferFunctionScriptingTraits (0ms)
			SetupTypeCache (361ms)
			ReleaseScriptCaches (1ms)
			RebuildScriptCaches (51ms)
			SetupLoadedEditorAssemblies (397ms)
				LogAssemblyErrors (0ms)
				InitializePlatformSupportModulesInManaged (27ms)
				SetLoadedEditorAssemblies (0ms)
				RefreshPlugins (1ms)
				BeforeProcessingInitializeOnLoad (87ms)
				ProcessInitializeOnLoadAttributes (250ms)
				ProcessInitializeOnLoadMethodAttributes (28ms)
				AfterProcessingInitializeOnLoad (3ms)
				EditorAssembliesLoaded (0ms)
			ExecutionOrderSort2 (0ms)
			AwakeInstancesAfterBackupRestoration (9ms)
Platform modules already initialized, skipping
Refreshing native plugins compatible for Editor in 7.36 ms, found 6 plugins.
Preloading 2 native plugins for Editor in 0.18 ms.
Unloading 3445 Unused Serialized files (Serialized files now loaded: 0)
Unloading 43 unused Assets / (91.0 KB). Loaded Objects now: 4267.
Memory consumption went from 145.0 MB to 144.9 MB.
Total: 3.104000 ms (FindLiveObjects: 0.280200 ms CreateObjectMapping: 0.249700 ms MarkObjects: 2.459800 ms  DeleteObjects: 0.112800 ms)

AssetImportParameters requested are different than current active one (requested -> active):
  custom:video-decoder-ogg-theora: a1e56fd34408186e4bbccfd4996cb3dc -> 
  custom:container-muxer-webm: aa71ff27fc2769a1b78a27578f13a17b -> 
  custom:container-demuxer-webm: 4f35f7cbe854078d1ac9338744f61a02 -> 
  custom:video-encoder-webm-vp8: eb34c28f22e8b96e1ab97ce403110664 -> 
  custom:video-codec-MediaFoundation-h265: 746d11721c4dcdbdad8f713fa42b33f4 -> 
  custom:audio-encoder-webm-vorbis: bf7c407c2cedff20999df2af8eb42d56 -> 
  custom:framework-win-MediaFoundation: 216162199b28c13a410421893ffa2e32 -> 
  custom:container-demuxer-ogg: 62fdf1f143b41e24485cea50d1cbac27 -> 
  custom:video-decoder-webm-vp8: 9c59270c3fd7afecdb556c50c9e8de78 -> 
  custom:audio-decoder-ogg-vorbis: bf7c407c2cedff20999df2af8eb42d56 -> 
========================================================================
Received Import Request.
  Time since last request: 41.809259 seconds.
  path: Assets/UI/Start.cs
  artifactKey: Guid(59db29520b9db284798593dc7c9bc1f8) Importer(815301076,1909f56bfc062723c751e8b465ee728b)
Start importing Assets/UI/Start.cs using Guid(59db29520b9db284798593dc7c9bc1f8) Importer(815301076,1909f56bfc062723c751e8b465ee728b)  -> (artifact id: 'b8c9ebe6a384212828cd35c53af23d5c') in 0.005429 seconds 
========================================================================
Received Import Request.
  Time since last request: 28.666766 seconds.
  path: Assets/UI/Role Drive.cs
  artifactKey: Guid(1238f1b5878a372458a8c9f504808e38) Importer(815301076,1909f56bfc062723c751e8b465ee728b)
Start importing Assets/UI/Role Drive.cs using Guid(1238f1b5878a372458a8c9f504808e38) Importer(815301076,1909f56bfc062723c751e8b465ee728b)  -> (artifact id: '83c17c919a269aa9e3d8bd9b9354731e') in 0.001768 seconds 
========================================================================
Received Prepare
Registering precompiled user dll's ...
Registered in 0.016895 seconds.
Begin MonoManager ReloadAssembly
Symbol file LoadedFromMemory doesn't match image C:\Users\xth94\Documents\GitHub\TrainQuest\TrainQuest_Final\Library\PackageCache\com.unity.visualscripting@1.8.0\Editor\VisualScripting.Core\Dependencies\YamlDotNet\Unity.VisualScripting.YamlDotNet.dll
Symbol file LoadedFromMemory doesn't match image C:\Users\xth94\Documents\GitHub\TrainQuest\TrainQuest_Final\Library\PackageCache\com.unity.visualscripting@1.8.0\Editor\VisualScripting.Core\Dependencies\DotNetZip\Unity.VisualScripting.IonicZip.dll
Native extension for WindowsStandalone target not found
Native extension for Android target not found
Native extension for WebGL target not found
Refreshing native plugins compatible for Editor in 0.84 ms, found 6 plugins.
Preloading 2 native plugins for Editor in 0.24 ms.
Mono: successfully reloaded assembly
- Completed reload, in  1.242 seconds
Domain Reload Profiling:
	ReloadAssembly (1243ms)
		BeginReloadAssembly (157ms)
			ExecutionOrderSort (0ms)
			DisableScriptedObjects (5ms)
			BackupInstance (0ms)
			ReleaseScriptingObjects (0ms)
			CreateAndSetChildDomain (41ms)
		EndReloadAssembly (975ms)
			LoadAssemblies (120ms)
			RebuildTransferFunctionScriptingTraits (0ms)
			SetupTypeCache (330ms)
			ReleaseScriptCaches (2ms)
			RebuildScriptCaches (49ms)
			SetupLoadedEditorAssemblies (398ms)
				LogAssemblyErrors (0ms)
				InitializePlatformSupportModulesInManaged (28ms)
				SetLoadedEditorAssemblies (0ms)
				RefreshPlugins (1ms)
				BeforeProcessingInitializeOnLoad (87ms)
				ProcessInitializeOnLoadAttributes (248ms)
				ProcessInitializeOnLoadMethodAttributes (30ms)
				AfterProcessingInitializeOnLoad (3ms)
				EditorAssembliesLoaded (0ms)
			ExecutionOrderSort2 (0ms)
			AwakeInstancesAfterBackupRestoration (11ms)
Platform modules already initialized, skipping
Refreshing native plugins compatible for Editor in 8.71 ms, found 6 plugins.
Preloading 2 native plugins for Editor in 0.26 ms.
Unloading 3446 Unused Serialized files (Serialized files now loaded: 0)
Unloading 43 unused Assets / (91.0 KB). Loaded Objects now: 4271.
Memory consumption went from 145.0 MB to 144.9 MB.
Total: 3.371700 ms (FindLiveObjects: 0.287800 ms CreateObjectMapping: 0.231600 ms MarkObjects: 2.742700 ms  DeleteObjects: 0.108000 ms)

AssetImportParameters requested are different than current active one (requested -> active):
  custom:video-decoder-ogg-theora: a1e56fd34408186e4bbccfd4996cb3dc -> 
  custom:container-muxer-webm: aa71ff27fc2769a1b78a27578f13a17b -> 
  custom:container-demuxer-webm: 4f35f7cbe854078d1ac9338744f61a02 -> 
  custom:video-encoder-webm-vp8: eb34c28f22e8b96e1ab97ce403110664 -> 
  custom:video-codec-MediaFoundation-h265: 746d11721c4dcdbdad8f713fa42b33f4 -> 
  custom:audio-encoder-webm-vorbis: bf7c407c2cedff20999df2af8eb42d56 -> 
  custom:framework-win-MediaFoundation: 216162199b28c13a410421893ffa2e32 -> 
  custom:container-demuxer-ogg: 62fdf1f143b41e24485cea50d1cbac27 -> 
  custom:video-decoder-webm-vp8: 9c59270c3fd7afecdb556c50c9e8de78 -> 
  custom:audio-decoder-ogg-vorbis: bf7c407c2cedff20999df2af8eb42d56 -> 
========================================================================
Received Prepare
Registering precompiled user dll's ...
Registered in 0.017552 seconds.
Begin MonoManager ReloadAssembly
Symbol file LoadedFromMemory doesn't match image C:\Users\xth94\Documents\GitHub\TrainQuest\TrainQuest_Final\Library\PackageCache\com.unity.visualscripting@1.8.0\Editor\VisualScripting.Core\Dependencies\YamlDotNet\Unity.VisualScripting.YamlDotNet.dll
Symbol file LoadedFromMemory doesn't match image C:\Users\xth94\Documents\GitHub\TrainQuest\TrainQuest_Final\Library\PackageCache\com.unity.visualscripting@1.8.0\Editor\VisualScripting.Core\Dependencies\DotNetZip\Unity.VisualScripting.IonicZip.dll
Native extension for WindowsStandalone target not found
Native extension for Android target not found
Native extension for WebGL target not found
Refreshing native plugins compatible for Editor in 0.73 ms, found 6 plugins.
Preloading 2 native plugins for Editor in 0.33 ms.
Mono: successfully reloaded assembly
- Completed reload, in  1.257 seconds
Domain Reload Profiling:
	ReloadAssembly (1257ms)
		BeginReloadAssembly (152ms)
			ExecutionOrderSort (0ms)
			DisableScriptedObjects (6ms)
			BackupInstance (0ms)
			ReleaseScriptingObjects (0ms)
			CreateAndSetChildDomain (36ms)
		EndReloadAssembly (985ms)
			LoadAssemblies (123ms)
			RebuildTransferFunctionScriptingTraits (0ms)
			SetupTypeCache (341ms)
			ReleaseScriptCaches (2ms)
			RebuildScriptCaches (55ms)
			SetupLoadedEditorAssemblies (396ms)
				LogAssemblyErrors (0ms)
				InitializePlatformSupportModulesInManaged (28ms)
				SetLoadedEditorAssemblies (1ms)
				RefreshPlugins (1ms)
				BeforeProcessingInitializeOnLoad (91ms)
				ProcessInitializeOnLoadAttributes (241ms)
				ProcessInitializeOnLoadMethodAttributes (32ms)
				AfterProcessingInitializeOnLoad (3ms)
				EditorAssembliesLoaded (0ms)
			ExecutionOrderSort2 (0ms)
			AwakeInstancesAfterBackupRestoration (11ms)
Platform modules already initialized, skipping
Refreshing native plugins compatible for Editor in 6.72 ms, found 6 plugins.
Preloading 2 native plugins for Editor in 0.20 ms.
Unloading 3446 Unused Serialized files (Serialized files now loaded: 0)
Unloading 43 unused Assets / (91.0 KB). Loaded Objects now: 4274.
Memory consumption went from 145.0 MB to 145.0 MB.
Total: 3.438800 ms (FindLiveObjects: 0.309900 ms CreateObjectMapping: 0.286200 ms MarkObjects: 2.731200 ms  DeleteObjects: 0.110200 ms)

AssetImportParameters requested are different than current active one (requested -> active):
  custom:video-decoder-ogg-theora: a1e56fd34408186e4bbccfd4996cb3dc -> 
  custom:container-muxer-webm: aa71ff27fc2769a1b78a27578f13a17b -> 
  custom:container-demuxer-webm: 4f35f7cbe854078d1ac9338744f61a02 -> 
  custom:video-encoder-webm-vp8: eb34c28f22e8b96e1ab97ce403110664 -> 
  custom:video-codec-MediaFoundation-h265: 746d11721c4dcdbdad8f713fa42b33f4 -> 
  custom:audio-encoder-webm-vorbis: bf7c407c2cedff20999df2af8eb42d56 -> 
  custom:framework-win-MediaFoundation: 216162199b28c13a410421893ffa2e32 -> 
  custom:container-demuxer-ogg: 62fdf1f143b41e24485cea50d1cbac27 -> 
  custom:video-decoder-webm-vp8: 9c59270c3fd7afecdb556c50c9e8de78 -> 
  custom:audio-decoder-ogg-vorbis: bf7c407c2cedff20999df2af8eb42d56 -> 
========================================================================
Received Prepare
Registering precompiled user dll's ...
Registered in 0.019642 seconds.
Begin MonoManager ReloadAssembly
Symbol file LoadedFromMemory doesn't match image C:\Users\xth94\Documents\GitHub\TrainQuest\TrainQuest_Final\Library\PackageCache\com.unity.visualscripting@1.8.0\Editor\VisualScripting.Core\Dependencies\YamlDotNet\Unity.VisualScripting.YamlDotNet.dll
Symbol file LoadedFromMemory doesn't match image C:\Users\xth94\Documents\GitHub\TrainQuest\TrainQuest_Final\Library\PackageCache\com.unity.visualscripting@1.8.0\Editor\VisualScripting.Core\Dependencies\DotNetZip\Unity.VisualScripting.IonicZip.dll
Native extension for WindowsStandalone target not found
Native extension for Android target not found
Native extension for WebGL target not found
Refreshing native plugins compatible for Editor in 1.07 ms, found 6 plugins.
Preloading 2 native plugins for Editor in 0.34 ms.
Mono: successfully reloaded assembly
- Completed reload, in  1.209 seconds
Domain Reload Profiling:
	ReloadAssembly (1210ms)
		BeginReloadAssembly (138ms)
			ExecutionOrderSort (0ms)
			DisableScriptedObjects (5ms)
			BackupInstance (0ms)
			ReleaseScriptingObjects (0ms)
			CreateAndSetChildDomain (37ms)
		EndReloadAssembly (966ms)
			LoadAssemblies (98ms)
			RebuildTransferFunctionScriptingTraits (0ms)
			SetupTypeCache (332ms)
			ReleaseScriptCaches (1ms)
			RebuildScriptCaches (52ms)
			SetupLoadedEditorAssemblies (399ms)
				LogAssemblyErrors (0ms)
				InitializePlatformSupportModulesInManaged (28ms)
				SetLoadedEditorAssemblies (0ms)
				RefreshPlugins (2ms)
				BeforeProcessingInitializeOnLoad (91ms)
				ProcessInitializeOnLoadAttributes (246ms)
				ProcessInitializeOnLoadMethodAttributes (28ms)
				AfterProcessingInitializeOnLoad (2ms)
				EditorAssembliesLoaded (0ms)
			ExecutionOrderSort2 (0ms)
			AwakeInstancesAfterBackupRestoration (10ms)
Platform modules already initialized, skipping
Refreshing native plugins compatible for Editor in 7.27 ms, found 6 plugins.
Preloading 2 native plugins for Editor in 0.19 ms.
Unloading 3446 Unused Serialized files (Serialized files now loaded: 0)
Unloading 43 unused Assets / (91.0 KB). Loaded Objects now: 4277.
Memory consumption went from 145.1 MB to 145.0 MB.
Total: 3.202000 ms (FindLiveObjects: 0.351300 ms CreateObjectMapping: 0.272500 ms MarkObjects: 2.471900 ms  DeleteObjects: 0.105200 ms)

AssetImportParameters requested are different than current active one (requested -> active):
  custom:video-decoder-ogg-theora: a1e56fd34408186e4bbccfd4996cb3dc -> 
  custom:container-muxer-webm: aa71ff27fc2769a1b78a27578f13a17b -> 
  custom:container-demuxer-webm: 4f35f7cbe854078d1ac9338744f61a02 -> 
  custom:video-encoder-webm-vp8: eb34c28f22e8b96e1ab97ce403110664 -> 
  custom:video-codec-MediaFoundation-h265: 746d11721c4dcdbdad8f713fa42b33f4 -> 
  custom:audio-encoder-webm-vorbis: bf7c407c2cedff20999df2af8eb42d56 -> 
  custom:framework-win-MediaFoundation: 216162199b28c13a410421893ffa2e32 -> 
  custom:container-demuxer-ogg: 62fdf1f143b41e24485cea50d1cbac27 -> 
  custom:video-decoder-webm-vp8: 9c59270c3fd7afecdb556c50c9e8de78 -> 
  custom:audio-decoder-ogg-vorbis: bf7c407c2cedff20999df2af8eb42d56 -> 
========================================================================
Received Import Request.
  Time since last request: 95.765966 seconds.
  path: Assets/UI/Role Drive.cs
  artifactKey: Guid(1238f1b5878a372458a8c9f504808e38) Importer(815301076,1909f56bfc062723c751e8b465ee728b)
Start importing Assets/UI/Role Drive.cs using Guid(1238f1b5878a372458a8c9f504808e38) Importer(815301076,1909f56bfc062723c751e8b465ee728b)  -> (artifact id: '55bbd7bd6afdbe7ef28a9bfa6c58111c') in 0.005868 seconds 
========================================================================
Received Import Request.
  Time since last request: 317.868488 seconds.
  path: Assets/UI/StartG.cs
  artifactKey: Guid(1238f1b5878a372458a8c9f504808e38) Importer(815301076,1909f56bfc062723c751e8b465ee728b)
Start importing Assets/UI/StartG.cs using Guid(1238f1b5878a372458a8c9f504808e38) Importer(815301076,1909f56bfc062723c751e8b465ee728b)  -> (artifact id: '06b245b22973ebdc65a7dd26193780f0') in 0.001950 seconds 
========================================================================
Received Prepare
Registering precompiled user dll's ...
Registered in 0.016009 seconds.
Begin MonoManager ReloadAssembly
Symbol file LoadedFromMemory doesn't match image C:\Users\xth94\Documents\GitHub\TrainQuest\TrainQuest_Final\Library\PackageCache\com.unity.visualscripting@1.8.0\Editor\VisualScripting.Core\Dependencies\YamlDotNet\Unity.VisualScripting.YamlDotNet.dll
Symbol file LoadedFromMemory doesn't match image C:\Users\xth94\Documents\GitHub\TrainQuest\TrainQuest_Final\Library\PackageCache\com.unity.visualscripting@1.8.0\Editor\VisualScripting.Core\Dependencies\DotNetZip\Unity.VisualScripting.IonicZip.dll
Native extension for WindowsStandalone target not found
Native extension for Android target not found
Native extension for WebGL target not found
Refreshing native plugins compatible for Editor in 0.73 ms, found 6 plugins.
Preloading 2 native plugins for Editor in 0.23 ms.
Mono: successfully reloaded assembly
- Completed reload, in  1.100 seconds
Domain Reload Profiling:
	ReloadAssembly (1100ms)
		BeginReloadAssembly (151ms)
			ExecutionOrderSort (0ms)
			DisableScriptedObjects (7ms)
			BackupInstance (0ms)
			ReleaseScriptingObjects (0ms)
			CreateAndSetChildDomain (35ms)
		EndReloadAssembly (841ms)
			LoadAssemblies (118ms)
			RebuildTransferFunctionScriptingTraits (0ms)
			SetupTypeCache (286ms)
			ReleaseScriptCaches (1ms)
			RebuildScriptCaches (45ms)
			SetupLoadedEditorAssemblies (333ms)
				LogAssemblyErrors (0ms)
				InitializePlatformSupportModulesInManaged (25ms)
				SetLoadedEditorAssemblies (0ms)
				RefreshPlugins (1ms)
				BeforeProcessingInitializeOnLoad (78ms)
				ProcessInitializeOnLoadAttributes (202ms)
				ProcessInitializeOnLoadMethodAttributes (23ms)
				AfterProcessingInitializeOnLoad (2ms)
				EditorAssembliesLoaded (0ms)
			ExecutionOrderSort2 (0ms)
			AwakeInstancesAfterBackupRestoration (9ms)
Platform modules already initialized, skipping
Refreshing native plugins compatible for Editor in 6.20 ms, found 6 plugins.
Preloading 2 native plugins for Editor in 0.17 ms.
Unloading 3446 Unused Serialized files (Serialized files now loaded: 0)
Unloading 43 unused Assets / (90.9 KB). Loaded Objects now: 4280.
Memory consumption went from 145.1 MB to 145.0 MB.
Total: 3.171100 ms (FindLiveObjects: 0.269400 ms CreateObjectMapping: 0.186400 ms MarkObjects: 2.566300 ms  DeleteObjects: 0.147900 ms)

AssetImportParameters requested are different than current active one (requested -> active):
  custom:video-decoder-ogg-theora: a1e56fd34408186e4bbccfd4996cb3dc -> 
  custom:container-muxer-webm: aa71ff27fc2769a1b78a27578f13a17b -> 
  custom:container-demuxer-webm: 4f35f7cbe854078d1ac9338744f61a02 -> 
  custom:video-encoder-webm-vp8: eb34c28f22e8b96e1ab97ce403110664 -> 
  custom:video-codec-MediaFoundation-h265: 746d11721c4dcdbdad8f713fa42b33f4 -> 
  custom:audio-encoder-webm-vorbis: bf7c407c2cedff20999df2af8eb42d56 -> 
  custom:framework-win-MediaFoundation: 216162199b28c13a410421893ffa2e32 -> 
  custom:container-demuxer-ogg: 62fdf1f143b41e24485cea50d1cbac27 -> 
  custom:video-decoder-webm-vp8: 9c59270c3fd7afecdb556c50c9e8de78 -> 
  custom:audio-decoder-ogg-vorbis: bf7c407c2cedff20999df2af8eb42d56 -> 
========================================================================
Received Prepare
Registering precompiled user dll's ...
Registered in 0.016751 seconds.
Begin MonoManager ReloadAssembly
Symbol file LoadedFromMemory doesn't match image C:\Users\xth94\Documents\GitHub\TrainQuest\TrainQuest_Final\Library\PackageCache\com.unity.visualscripting@1.8.0\Editor\VisualScripting.Core\Dependencies\YamlDotNet\Unity.VisualScripting.YamlDotNet.dll
Symbol file LoadedFromMemory doesn't match image C:\Users\xth94\Documents\GitHub\TrainQuest\TrainQuest_Final\Library\PackageCache\com.unity.visualscripting@1.8.0\Editor\VisualScripting.Core\Dependencies\DotNetZip\Unity.VisualScripting.IonicZip.dll
Native extension for WindowsStandalone target not found
Native extension for Android target not found
Native extension for WebGL target not found
Refreshing native plugins compatible for Editor in 0.71 ms, found 6 plugins.
Preloading 2 native plugins for Editor in 0.24 ms.
Mono: successfully reloaded assembly
- Completed reload, in  1.199 seconds
Domain Reload Profiling:
	ReloadAssembly (1200ms)
		BeginReloadAssembly (143ms)
			ExecutionOrderSort (0ms)
			DisableScriptedObjects (6ms)
			BackupInstance (0ms)
			ReleaseScriptingObjects (0ms)
			CreateAndSetChildDomain (36ms)
		EndReloadAssembly (935ms)
			LoadAssemblies (128ms)
			RebuildTransferFunctionScriptingTraits (0ms)
			SetupTypeCache (319ms)
			ReleaseScriptCaches (1ms)
			RebuildScriptCaches (45ms)
			SetupLoadedEditorAssemblies (367ms)
				LogAssemblyErrors (0ms)
				InitializePlatformSupportModulesInManaged (28ms)
				SetLoadedEditorAssemblies (0ms)
				RefreshPlugins (1ms)
				BeforeProcessingInitializeOnLoad (81ms)
				ProcessInitializeOnLoadAttributes (226ms)
				ProcessInitializeOnLoadMethodAttributes (27ms)
				AfterProcessingInitializeOnLoad (4ms)
				EditorAssembliesLoaded (0ms)
			ExecutionOrderSort2 (0ms)
			AwakeInstancesAfterBackupRestoration (9ms)
Platform modules already initialized, skipping
Refreshing native plugins compatible for Editor in 7.79 ms, found 6 plugins.
Preloading 2 native plugins for Editor in 0.19 ms.
Unloading 3446 Unused Serialized files (Serialized files now loaded: 0)
Unloading 43 unused Assets / (91.0 KB). Loaded Objects now: 4283.
Memory consumption went from 145.1 MB to 145.0 MB.
Total: 3.908200 ms (FindLiveObjects: 0.287300 ms CreateObjectMapping: 0.225300 ms MarkObjects: 3.301900 ms  DeleteObjects: 0.092600 ms)

AssetImportParameters requested are different than current active one (requested -> active):
  custom:video-decoder-ogg-theora: a1e56fd34408186e4bbccfd4996cb3dc -> 
  custom:container-muxer-webm: aa71ff27fc2769a1b78a27578f13a17b -> 
  custom:container-demuxer-webm: 4f35f7cbe854078d1ac9338744f61a02 -> 
  custom:video-encoder-webm-vp8: eb34c28f22e8b96e1ab97ce403110664 -> 
  custom:video-codec-MediaFoundation-h265: 746d11721c4dcdbdad8f713fa42b33f4 -> 
  custom:audio-encoder-webm-vorbis: bf7c407c2cedff20999df2af8eb42d56 -> 
  custom:framework-win-MediaFoundation: 216162199b28c13a410421893ffa2e32 -> 
  custom:container-demuxer-ogg: 62fdf1f143b41e24485cea50d1cbac27 -> 
  custom:video-decoder-webm-vp8: 9c59270c3fd7afecdb556c50c9e8de78 -> 
  custom:audio-decoder-ogg-vorbis: bf7c407c2cedff20999df2af8eb42d56 -> 
========================================================================
Received Import Request.
  Time since last request: 21.590451 seconds.
  path: Assets/UI/StartG.cs
  artifactKey: Guid(1238f1b5878a372458a8c9f504808e38) Importer(815301076,1909f56bfc062723c751e8b465ee728b)
Start importing Assets/UI/StartG.cs using Guid(1238f1b5878a372458a8c9f504808e38) Importer(815301076,1909f56bfc062723c751e8b465ee728b)  -> (artifact id: '8a77c6e67927a3bf0e3dcf94448e3a9d') in 0.007099 seconds 
========================================================================
Received Import Request.
  Time since last request: 13.871204 seconds.
  path: Assets/UI/Role.unity
  artifactKey: Guid(18e2ed669de136249bbb889d9339effd) Importer(815301076,1909f56bfc062723c751e8b465ee728b)
Start importing Assets/UI/Role.unity using Guid(18e2ed669de136249bbb889d9339effd) Importer(815301076,1909f56bfc062723c751e8b465ee728b)  -> (artifact id: 'b4d265896f3e3af749d84be951241f48') in 0.001863 seconds 
========================================================================
Received Import Request.
  Time since last request: 42.970287 seconds.
  path: Assets/UI/DriverScene.unity
  artifactKey: Guid(1efd9605ac4fae74b9028bc4a5f6b99d) Importer(815301076,1909f56bfc062723c751e8b465ee728b)
Start importing Assets/UI/DriverScene.unity using Guid(1efd9605ac4fae74b9028bc4a5f6b99d) Importer(815301076,1909f56bfc062723c751e8b465ee728b)  -> (artifact id: 'b833a5ac24f3b4f357aa6bb74dca9a37') in 0.002133 seconds 
========================================================================
Received Prepare
Registering precompiled user dll's ...
Registered in 0.018212 seconds.
Begin MonoManager ReloadAssembly
Symbol file LoadedFromMemory doesn't match image C:\Users\xth94\Documents\GitHub\TrainQuest\TrainQuest_Final\Library\PackageCache\com.unity.visualscripting@1.8.0\Editor\VisualScripting.Core\Dependencies\YamlDotNet\Unity.VisualScripting.YamlDotNet.dll
Symbol file LoadedFromMemory doesn't match image C:\Users\xth94\Documents\GitHub\TrainQuest\TrainQuest_Final\Library\PackageCache\com.unity.visualscripting@1.8.0\Editor\VisualScripting.Core\Dependencies\DotNetZip\Unity.VisualScripting.IonicZip.dll
Native extension for WindowsStandalone target not found
Native extension for Android target not found
Native extension for WebGL target not found
Refreshing native plugins compatible for Editor in 1.10 ms, found 6 plugins.
Preloading 2 native plugins for Editor in 0.26 ms.
Mono: successfully reloaded assembly
- Completed reload, in  1.207 seconds
Domain Reload Profiling:
	ReloadAssembly (1208ms)
		BeginReloadAssembly (150ms)
			ExecutionOrderSort (0ms)
			DisableScriptedObjects (6ms)
			BackupInstance (0ms)
			ReleaseScriptingObjects (0ms)
			CreateAndSetChildDomain (37ms)
		EndReloadAssembly (959ms)
			LoadAssemblies (111ms)
			RebuildTransferFunctionScriptingTraits (0ms)
			SetupTypeCache (327ms)
			ReleaseScriptCaches (2ms)
			RebuildScriptCaches (50ms)
			SetupLoadedEditorAssemblies (401ms)
				LogAssemblyErrors (0ms)
				InitializePlatformSupportModulesInManaged (33ms)
				SetLoadedEditorAssemblies (1ms)
				RefreshPlugins (1ms)
				BeforeProcessingInitializeOnLoad (89ms)
				ProcessInitializeOnLoadAttributes (244ms)
				ProcessInitializeOnLoadMethodAttributes (30ms)
				AfterProcessingInitializeOnLoad (3ms)
				EditorAssembliesLoaded (0ms)
			ExecutionOrderSort2 (0ms)
			AwakeInstancesAfterBackupRestoration (10ms)
Platform modules already initialized, skipping
Refreshing native plugins compatible for Editor in 8.60 ms, found 6 plugins.
Preloading 2 native plugins for Editor in 0.25 ms.
Unloading 3446 Unused Serialized files (Serialized files now loaded: 0)
Unloading 43 unused Assets / (90.9 KB). Loaded Objects now: 4286.
Memory consumption went from 145.1 MB to 145.0 MB.
Total: 3.385300 ms (FindLiveObjects: 0.296400 ms CreateObjectMapping: 0.218600 ms MarkObjects: 2.750800 ms  DeleteObjects: 0.118400 ms)

AssetImportParameters requested are different than current active one (requested -> active):
  custom:video-decoder-ogg-theora: a1e56fd34408186e4bbccfd4996cb3dc -> 
  custom:container-muxer-webm: aa71ff27fc2769a1b78a27578f13a17b -> 
  custom:container-demuxer-webm: 4f35f7cbe854078d1ac9338744f61a02 -> 
  custom:video-encoder-webm-vp8: eb34c28f22e8b96e1ab97ce403110664 -> 
  custom:video-codec-MediaFoundation-h265: 746d11721c4dcdbdad8f713fa42b33f4 -> 
  custom:audio-encoder-webm-vorbis: bf7c407c2cedff20999df2af8eb42d56 -> 
  custom:framework-win-MediaFoundation: 216162199b28c13a410421893ffa2e32 -> 
  custom:container-demuxer-ogg: 62fdf1f143b41e24485cea50d1cbac27 -> 
  custom:video-decoder-webm-vp8: 9c59270c3fd7afecdb556c50c9e8de78 -> 
  custom:audio-decoder-ogg-vorbis: bf7c407c2cedff20999df2af8eb42d56 -> 
========================================================================
Received Prepare
Registering precompiled user dll's ...
Registered in 0.018321 seconds.
Begin MonoManager ReloadAssembly
Symbol file LoadedFromMemory doesn't match image C:\Users\xth94\Documents\GitHub\TrainQuest\TrainQuest_Final\Library\PackageCache\com.unity.visualscripting@1.8.0\Editor\VisualScripting.Core\Dependencies\YamlDotNet\Unity.VisualScripting.YamlDotNet.dll
Symbol file LoadedFromMemory doesn't match image C:\Users\xth94\Documents\GitHub\TrainQuest\TrainQuest_Final\Library\PackageCache\com.unity.visualscripting@1.8.0\Editor\VisualScripting.Core\Dependencies\DotNetZip\Unity.VisualScripting.IonicZip.dll
Native extension for WindowsStandalone target not found
Native extension for Android target not found
Native extension for WebGL target not found
Refreshing native plugins compatible for Editor in 0.94 ms, found 6 plugins.
Preloading 2 native plugins for Editor in 0.24 ms.
Mono: successfully reloaded assembly
- Completed reload, in  1.233 seconds
Domain Reload Profiling:
	ReloadAssembly (1234ms)
		BeginReloadAssembly (139ms)
			ExecutionOrderSort (0ms)
			DisableScriptedObjects (5ms)
			BackupInstance (0ms)
			ReleaseScriptingObjects (0ms)
			CreateAndSetChildDomain (32ms)
		EndReloadAssembly (992ms)
			LoadAssemblies (111ms)
			RebuildTransferFunctionScriptingTraits (0ms)
			SetupTypeCache (357ms)
			ReleaseScriptCaches (2ms)
			RebuildScriptCaches (49ms)
			SetupLoadedEditorAssemblies (395ms)
				LogAssemblyErrors (0ms)
				InitializePlatformSupportModulesInManaged (27ms)
				SetLoadedEditorAssemblies (0ms)
				RefreshPlugins (1ms)
				BeforeProcessingInitializeOnLoad (87ms)
				ProcessInitializeOnLoadAttributes (246ms)
				ProcessInitializeOnLoadMethodAttributes (30ms)
				AfterProcessingInitializeOnLoad (3ms)
				EditorAssembliesLoaded (0ms)
			ExecutionOrderSort2 (0ms)
			AwakeInstancesAfterBackupRestoration (10ms)
Platform modules already initialized, skipping
Refreshing native plugins compatible for Editor in 7.98 ms, found 6 plugins.
Preloading 2 native plugins for Editor in 0.21 ms.
Unloading 3446 Unused Serialized files (Serialized files now loaded: 0)
Unloading 43 unused Assets / (90.9 KB). Loaded Objects now: 4289.
Memory consumption went from 145.1 MB to 145.0 MB.
Total: 3.459200 ms (FindLiveObjects: 0.283600 ms CreateObjectMapping: 0.253600 ms MarkObjects: 2.726800 ms  DeleteObjects: 0.194200 ms)

AssetImportParameters requested are different than current active one (requested -> active):
  custom:video-decoder-ogg-theora: a1e56fd34408186e4bbccfd4996cb3dc -> 
  custom:container-muxer-webm: aa71ff27fc2769a1b78a27578f13a17b -> 
  custom:container-demuxer-webm: 4f35f7cbe854078d1ac9338744f61a02 -> 
  custom:video-encoder-webm-vp8: eb34c28f22e8b96e1ab97ce403110664 -> 
  custom:video-codec-MediaFoundation-h265: 746d11721c4dcdbdad8f713fa42b33f4 -> 
  custom:audio-encoder-webm-vorbis: bf7c407c2cedff20999df2af8eb42d56 -> 
  custom:framework-win-MediaFoundation: 216162199b28c13a410421893ffa2e32 -> 
  custom:container-demuxer-ogg: 62fdf1f143b41e24485cea50d1cbac27 -> 
  custom:video-decoder-webm-vp8: 9c59270c3fd7afecdb556c50c9e8de78 -> 
  custom:audio-decoder-ogg-vorbis: bf7c407c2cedff20999df2af8eb42d56 -> 
========================================================================
Received Prepare
Registering precompiled user dll's ...
Registered in 0.015731 seconds.
Begin MonoManager ReloadAssembly
Symbol file LoadedFromMemory doesn't match image C:\Users\xth94\Documents\GitHub\TrainQuest\TrainQuest_Final\Library\PackageCache\com.unity.visualscripting@1.8.0\Editor\VisualScripting.Core\Dependencies\YamlDotNet\Unity.VisualScripting.YamlDotNet.dll
Symbol file LoadedFromMemory doesn't match image C:\Users\xth94\Documents\GitHub\TrainQuest\TrainQuest_Final\Library\PackageCache\com.unity.visualscripting@1.8.0\Editor\VisualScripting.Core\Dependencies\DotNetZip\Unity.VisualScripting.IonicZip.dll
Native extension for WindowsStandalone target not found
Native extension for Android target not found
Native extension for WebGL target not found
Refreshing native plugins compatible for Editor in 0.85 ms, found 6 plugins.
Preloading 2 native plugins for Editor in 0.30 ms.
Mono: successfully reloaded assembly
- Completed reload, in  1.181 seconds
Domain Reload Profiling:
	ReloadAssembly (1182ms)
		BeginReloadAssembly (136ms)
			ExecutionOrderSort (0ms)
			DisableScriptedObjects (5ms)
			BackupInstance (0ms)
			ReleaseScriptingObjects (0ms)
			CreateAndSetChildDomain (32ms)
		EndReloadAssembly (944ms)
			LoadAssemblies (104ms)
			RebuildTransferFunctionScriptingTraits (0ms)
			SetupTypeCache (314ms)
			ReleaseScriptCaches (2ms)
			RebuildScriptCaches (45ms)
			SetupLoadedEditorAssemblies (404ms)
				LogAssemblyErrors (0ms)
				InitializePlatformSupportModulesInManaged (26ms)
				SetLoadedEditorAssemblies (0ms)
				RefreshPlugins (1ms)
				BeforeProcessingInitializeOnLoad (94ms)
				ProcessInitializeOnLoadAttributes (251ms)
				ProcessInitializeOnLoadMethodAttributes (29ms)
				AfterProcessingInitializeOnLoad (2ms)
				EditorAssembliesLoaded (0ms)
			ExecutionOrderSort2 (0ms)
			AwakeInstancesAfterBackupRestoration (10ms)
Platform modules already initialized, skipping
Refreshing native plugins compatible for Editor in 8.49 ms, found 6 plugins.
Preloading 2 native plugins for Editor in 0.18 ms.
Unloading 3446 Unused Serialized files (Serialized files now loaded: 0)
Unloading 43 unused Assets / (90.9 KB). Loaded Objects now: 4292.
Memory consumption went from 145.1 MB to 145.0 MB.
Total: 3.117400 ms (FindLiveObjects: 0.382100 ms CreateObjectMapping: 0.285100 ms MarkObjects: 2.344200 ms  DeleteObjects: 0.104800 ms)

AssetImportParameters requested are different than current active one (requested -> active):
  custom:video-decoder-ogg-theora: a1e56fd34408186e4bbccfd4996cb3dc -> 
  custom:container-muxer-webm: aa71ff27fc2769a1b78a27578f13a17b -> 
  custom:container-demuxer-webm: 4f35f7cbe854078d1ac9338744f61a02 -> 
  custom:video-encoder-webm-vp8: eb34c28f22e8b96e1ab97ce403110664 -> 
  custom:video-codec-MediaFoundation-h265: 746d11721c4dcdbdad8f713fa42b33f4 -> 
  custom:audio-encoder-webm-vorbis: bf7c407c2cedff20999df2af8eb42d56 -> 
  custom:framework-win-MediaFoundation: 216162199b28c13a410421893ffa2e32 -> 
  custom:container-demuxer-ogg: 62fdf1f143b41e24485cea50d1cbac27 -> 
  custom:video-decoder-webm-vp8: 9c59270c3fd7afecdb556c50c9e8de78 -> 
  custom:audio-decoder-ogg-vorbis: bf7c407c2cedff20999df2af8eb42d56 -> 
